<?xml version="1.0" encoding="UTF-8"?>
<testng-results skipped="0" failed="0" total="1" passed="1">
  <reporter-output>
  </reporter-output>
  <suite name="Suite" duration-ms="75" started-at="2017-03-11T11:54:22Z" finished-at="2017-03-11T11:54:22Z">
    <groups>
    </groups>
    <test name="Test" duration-ms="75" started-at="2017-03-11T11:54:22Z" finished-at="2017-03-11T11:54:22Z">
      <class name="print.printClass">
        <test-method status="PASS" signature="main()[pri:0, instance:print.printClass@18fc7ca]" name="main" duration-ms="30" started-at="2017-03-11T17:24:22Z" finished-at="2017-03-11T17:24:22Z">
          <reporter-output>
          </reporter-output>
        </test-method> <!-- main -->
      </class> <!-- print.printClass -->
    </test> <!-- Test -->
  </suite> <!-- Suite -->
</testng-results>
